# JRE version: OpenJDK Runtime Environment (8.0_242-b01) (build 1.8.0_242-release-1644-b01)
# Java VM: OpenJDK 64-Bit Server VM (25.242-b01 mixed mode windows-amd64 compressed oops)
Heap:
 PSYoungGen      total 350208K, used 13943K [0x00000000d5580000, 0x00000000edd80000, 0x0000000100000000)
  eden space 318464K, 0% used [0x00000000d5580000,0x00000000d5580000,0x00000000e8c80000)
  from space 31744K, 43% used [0x00000000eaa80000,0x00000000eb81dfd8,0x00000000ec980000)
  to   space 30720K, 0% used [0x00000000e8c80000,0x00000000e8c80000,0x00000000eaa80000)
 ParOldGen       total 204288K, used 103564K [0x0000000080000000, 0x000000008c780000, 0x00000000d5580000)
  object space 204288K, 50% used [0x0000000080000000,0x0000000086523330,0x000000008c780000)
 Metaspace       used 92633K, capacity 98524K, committed 98600K, reserved 1134592K
  class space    used 12861K, capacity 13980K, committed 14000K, reserved 1048576K
GC Heap History (10 events):
Event: 6.241 GC heap after
Heap after GC invocations=13 (full 3):
 PSYoungGen      total 248320K, used 0K [0x00000000d5580000, 0x00000000e7180000, 0x0000000100000000)
  eden space 229376K, 0% used [0x00000000d5580000,0x00000000d5580000,0x00000000e3580000)
  from space 18944K, 0% used [0x00000000e4780000,0x00000000e4780000,0x00000000e5a00000)
  to   space 18432K, 0% used [0x00000000e3580000,0x00000000e3580000,0x00000000e4780000)
 ParOldGen       total 204288K, used 41154K [0x0000000080000000, 0x000000008c780000, 0x00000000d5580000)
  object space 204288K, 20% used [0x0000000080000000,0x00000000828308f8,0x000000008c780000)
 Metaspace       used 56643K, capacity 58778K, committed 59160K, reserved 1099776K
  class space    used 7669K, capacity 8108K, committed 8240K, reserved 1048576K
}
Event: 8.809 GC heap before
{Heap before GC invocations=14 (full 3):
 PSYoungGen      total 248320K, used 229376K [0x00000000d5580000, 0x00000000e7180000, 0x0000000100000000)
  eden space 229376K, 100% used [0x00000000d5580000,0x00000000e3580000,0x00000000e3580000)
  from space 18944K, 0% used [0x00000000e4780000,0x00000000e4780000,0x00000000e5a00000)
  to   space 18432K, 0% used [0x00000000e3580000,0x00000000e3580000,0x00000000e4780000)
 ParOldGen       total 204288K, used 41154K [0x0000000080000000, 0x000000008c780000, 0x00000000d5580000)
  object space 204288K, 20% used [0x0000000080000000,0x00000000828308f8,0x000000008c780000)
 Metaspace       used 67162K, capacity 70696K, committed 70808K, reserved 1110016K
  class space    used 9241K, capacity 9887K, committed 9904K, reserved 1048576K
Event: 8.830 GC heap after
Heap after GC invocations=14 (full 3):
 PSYoungGen      total 247808K, used 18413K [0x00000000d5580000, 0x00000000e9480000, 0x0000000100000000)
  eden space 229376K, 0% used [0x00000000d5580000,0x00000000d5580000,0x00000000e3580000)
  from space 18432K, 99% used [0x00000000e3580000,0x00000000e477b4e0,0x00000000e4780000)
  to   space 24576K, 0% used [0x00000000e7c80000,0x00000000e7c80000,0x00000000e9480000)
 ParOldGen       total 204288K, used 51941K [0x0000000080000000, 0x000000008c780000, 0x00000000d5580000)
  object space 204288K, 25% used [0x0000000080000000,0x00000000832b9700,0x000000008c780000)
 Metaspace       used 67162K, capacity 70696K, committed 70808K, reserved 1110016K
  class space    used 9241K, capacity 9887K, committed 9904K, reserved 1048576K
}
Event: 10.825 GC heap before
{Heap before GC invocations=15 (full 3):
 PSYoungGen      total 247808K, used 247789K [0x00000000d5580000, 0x00000000e9480000, 0x0000000100000000)
  eden space 229376K, 100% used [0x00000000d5580000,0x00000000e3580000,0x00000000e3580000)
  from space 18432K, 99% used [0x00000000e3580000,0x00000000e477b4e0,0x00000000e4780000)
  to   space 24576K, 0% used [0x00000000e7c80000,0x00000000e7c80000,0x00000000e9480000)
 ParOldGen       total 204288K, used 51941K [0x0000000080000000, 0x000000008c780000, 0x00000000d5580000)
  object space 204288K, 25% used [0x0000000080000000,0x00000000832b9700,0x000000008c780000)
 Metaspace       used 73771K, capacity 77430K, committed 77592K, reserved 1116160K
  class space    used 10085K, capacity 10762K, committed 10800K, reserved 1048576K
Event: 10.844 GC heap after
Heap after GC invocations=15 (full 3):
 PSYoungGen      total 293888K, used 16349K [0x00000000d5580000, 0x00000000e9080000, 0x0000000100000000)
  eden space 273408K, 0% used [0x00000000d5580000,0x00000000d5580000,0x00000000e6080000)
  from space 20480K, 79% used [0x00000000e7c80000,0x00000000e8c777a8,0x00000000e9080000)
  to   space 24576K, 0% used [0x00000000e6080000,0x00000000e6080000,0x00000000e7880000)
 ParOldGen       total 204288K, used 68335K [0x0000000080000000, 0x000000008c780000, 0x00000000d5580000)
  object space 204288K, 33% used [0x0000000080000000,0x00000000842bbc98,0x000000008c780000)
 Metaspace       used 73771K, capacity 77430K, committed 77592K, reserved 1116160K
  class space    used 10085K, capacity 10762K, committed 10800K, reserved 1048576K
}
Event: 30.532 GC heap before
{Heap before GC invocations=16 (full 3):
 PSYoungGen      total 293888K, used 289757K [0x00000000d5580000, 0x00000000e9080000, 0x0000000100000000)
  eden space 273408K, 100% used [0x00000000d5580000,0x00000000e6080000,0x00000000e6080000)
  from space 20480K, 79% used [0x00000000e7c80000,0x00000000e8c777a8,0x00000000e9080000)
  to   space 24576K, 0% used [0x00000000e6080000,0x00000000e6080000,0x00000000e7880000)
 ParOldGen       total 204288K, used 68335K [0x0000000080000000, 0x000000008c780000, 0x00000000d5580000)
  object space 204288K, 33% used [0x0000000080000000,0x00000000842bbc98,0x000000008c780000)
 Metaspace       used 86187K, capacity 90346K, committed 90520K, reserved 1128448K
  class space    used 11662K, capacity 12389K, committed 12464K, reserved 1048576K
Event: 30.569 GC heap after
Heap after GC invocations=16 (full 3):
 PSYoungGen      total 297984K, used 24544K [0x00000000d5580000, 0x00000000ec980000, 0x0000000100000000)
  eden space 273408K, 0% used [0x00000000d5580000,0x00000000d5580000,0x00000000e6080000)
  from space 24576K, 99% used [0x00000000e6080000,0x00000000e7878208,0x00000000e7880000)
  to   space 31744K, 0% used [0x00000000eaa80000,0x00000000eaa80000,0x00000000ec980000)
 ParOldGen       total 204288K, used 79434K [0x0000000080000000, 0x000000008c780000, 0x00000000d5580000)
  object space 204288K, 38% used [0x0000000080000000,0x0000000084d92b68,0x000000008c780000)
 Metaspace       used 86187K, capacity 90346K, committed 90520K, reserved 1128448K
  class space    used 11662K, capacity 12389K, committed 12464K, reserved 1048576K
}
Event: 31.041 GC heap before
{Heap before GC invocations=17 (full 3):
 PSYoungGen      total 297984K, used 87890K [0x00000000d5580000, 0x00000000ec980000, 0x0000000100000000)
  eden space 273408K, 23% used [0x00000000d5580000,0x00000000d935c8b0,0x00000000e6080000)
  from space 24576K, 99% used [0x00000000e6080000,0x00000000e7878208,0x00000000e7880000)
  to   space 31744K, 0% used [0x00000000eaa80000,0x00000000eaa80000,0x00000000ec980000)
 ParOldGen       total 204288K, used 79434K [0x0000000080000000, 0x000000008c780000, 0x00000000d5580000)
  object space 204288K, 38% used [0x0000000080000000,0x0000000084d92b68,0x000000008c780000)
 Metaspace       used 92633K, capacity 98524K, committed 98600K, reserved 1134592K
  class space    used 12861K, capacity 13980K, committed 14000K, reserved 1048576K
Event: 31.069 GC heap after
Heap after GC invocations=17 (full 3):
 PSYoungGen      total 350208K, used 13943K [0x00000000d5580000, 0x00000000edd80000, 0x0000000100000000)
  eden space 318464K, 0% used [0x00000000d5580000,0x00000000d5580000,0x00000000e8c80000)
  from space 31744K, 43% used [0x00000000eaa80000,0x00000000eb81dfd8,0x00000000ec980000)
  to   space 30720K, 0% used [0x00000000e8c80000,0x00000000e8c80000,0x00000000eaa80000)
 ParOldGen       total 204288K, used 103564K [0x0000000080000000, 0x000000008c780000, 0x00000000d5580000)
  object space 204288K, 50% used [0x0000000080000000,0x0000000086523330,0x000000008c780000)
 Metaspace       used 92633K, capacity 98524K, committed 98600K, reserved 1134592K
  class space    used 12861K, capacity 13980K, committed 14000K, reserved 1048576K
}
Event: 31.069 GC heap before
{Heap before GC invocations=18 (full 4):
 PSYoungGen      total 350208K, used 13943K [0x00000000d5580000, 0x00000000edd80000, 0x0000000100000000)
  eden space 318464K, 0% used [0x00000000d5580000,0x00000000d5580000,0x00000000e8c80000)
  from space 31744K, 43% used [0x00000000eaa80000,0x00000000eb81dfd8,0x00000000ec980000)
  to   space 30720K, 0% used [0x00000000e8c80000,0x00000000e8c80000,0x00000000eaa80000)
 ParOldGen       total 204288K, used 103564K [0x0000000080000000, 0x000000008c780000, 0x00000000d5580000)
  object space 204288K, 50% used [0x0000000080000000,0x0000000086523330,0x000000008c780000)
 Metaspace       used 92633K, capacity 98524K, committed 98600K, reserved 1134592K
  class space    used 12861K, capacity 13980K, committed 14000K, reserved 1048576K

